0 info it worked if it ends with ok
1 verbose cli [ 'D:\\node-0.10.32\\\\node.exe',
1 verbose cli   'D:\\node-0.10.32\\node_modules\\npm\\bin\\npm-cli.js',
1 verbose cli   'publish' ]
2 info using npm@1.4.28
3 info using node@v0.10.32
4 verbose node symlink D:\node-0.10.32\\node.exe
5 verbose publish [ '.' ]
6 verbose cache add [ '.', null ]
7 verbose cache add name=undefined spec="." args=[".",null]
8 verbose parsed url { protocol: null,
8 verbose parsed url   slashes: null,
8 verbose parsed url   auth: null,
8 verbose parsed url   host: null,
8 verbose parsed url   port: null,
8 verbose parsed url   hostname: null,
8 verbose parsed url   hash: null,
8 verbose parsed url   search: null,
8 verbose parsed url   query: null,
8 verbose parsed url   pathname: '.',
8 verbose parsed url   path: '.',
8 verbose parsed url   href: '.' }
9 silly lockFile 3a52ce78- .
10 verbose lock . C:\Users\yurin_000\AppData\Roaming\npm-cache\3a52ce78-.lock
11 verbose tar pack [ 'C:\\Users\\yurin_000\\AppData\\Roaming\\npm-cache\\datz\\0.1.3\\package.tgz',
11 verbose tar pack   '.' ]
12 verbose tarball C:\Users\yurin_000\AppData\Roaming\npm-cache\datz\0.1.3\package.tgz
13 verbose folder .
14 info prepublish datz@0.1.3
15 silly lockFile 1f1177db-tar tar://.
16 verbose lock tar://. C:\Users\yurin_000\AppData\Roaming\npm-cache\1f1177db-tar.lock
17 silly lockFile f33480bc-npm-cache-datz-0-1-3-package-tgz tar://C:\Users\yurin_000\AppData\Roaming\npm-cache\datz\0.1.3\package.tgz
18 verbose lock tar://C:\Users\yurin_000\AppData\Roaming\npm-cache\datz\0.1.3\package.tgz C:\Users\yurin_000\AppData\Roaming\npm-cache\f33480bc-npm-cache-datz-0-1-3-package-tgz.lock
19 silly lockFile 1f1177db-tar tar://.
20 silly lockFile 1f1177db-tar tar://.
21 silly lockFile f33480bc-npm-cache-datz-0-1-3-package-tgz tar://C:\Users\yurin_000\AppData\Roaming\npm-cache\datz\0.1.3\package.tgz
22 silly lockFile f33480bc-npm-cache-datz-0-1-3-package-tgz tar://C:\Users\yurin_000\AppData\Roaming\npm-cache\datz\0.1.3\package.tgz
23 silly lockFile 230fcee1-ing-npm-cache-datz-0-1-3-package C:\Users\yurin_000\AppData\Roaming\npm-cache\datz\0.1.3\package
24 verbose lock C:\Users\yurin_000\AppData\Roaming\npm-cache\datz\0.1.3\package C:\Users\yurin_000\AppData\Roaming\npm-cache\230fcee1-ing-npm-cache-datz-0-1-3-package.lock
25 silly lockFile 230fcee1-ing-npm-cache-datz-0-1-3-package C:\Users\yurin_000\AppData\Roaming\npm-cache\datz\0.1.3\package
26 silly lockFile 230fcee1-ing-npm-cache-datz-0-1-3-package C:\Users\yurin_000\AppData\Roaming\npm-cache\datz\0.1.3\package
27 silly lockFile 3a52ce78- .
28 silly lockFile 3a52ce78- .
29 silly publish { name: 'datz',
29 silly publish   version: '0.1.3',
29 silly publish   author: { name: 'Yuri Neves Silveira', email: 'npm@yneves.com' },
29 silly publish   dependencies: { bluebird: '^2.9.13', mocha: '^2.2.0' },
29 silly publish   gitHead: '258d666d9c1bc6e99848de93fb8e46956655fc80',
29 silly publish   readme: '# datz\r\nAnoter model and collection library.\r\n',
29 silly publish   readmeFilename: 'README.md',
29 silly publish   description: 'Anoter model and collection library.',
29 silly publish   _id: 'datz@0.1.3',
29 silly publish   scripts: {},
29 silly publish   _shasum: '20a2c63751d36710c8fcfdba65d24518fd89218a',
29 silly publish   _from: '.' }
30 verbose request where is /datz
31 verbose request registry https://registry.npmjs.org/
32 verbose request id 601c8b5bcf2c6428
33 verbose url raw /datz
34 verbose url resolving [ 'https://registry.npmjs.org/', './datz' ]
35 verbose url resolved https://registry.npmjs.org/datz
36 verbose request where is https://registry.npmjs.org/datz
37 info trying registry request attempt 1 at 10:10:40
38 http PUT https://registry.npmjs.org/datz
39 http 409 https://registry.npmjs.org/datz
40 verbose request where is /datz?write=true
41 verbose request registry https://registry.npmjs.org/
42 verbose url raw /datz?write=true
43 verbose url resolving [ 'https://registry.npmjs.org/', './datz?write=true' ]
44 verbose url resolved https://registry.npmjs.org/datz?write=true
45 verbose request where is https://registry.npmjs.org/datz?write=true
46 info trying registry request attempt 1 at 10:10:42
47 http GET https://registry.npmjs.org/datz?write=true
48 http 200 https://registry.npmjs.org/datz?write=true
49 error publish fail Cannot publish over existing version.
49 error publish fail Update the 'version' field in package.json and try again.
49 error publish fail
49 error publish fail If the previous version was published in error, see:
49 error publish fail     npm help unpublish
49 error publish fail
49 error publish fail To automatically increment version numbers, see:
49 error publish fail     npm help version
50 error System Windows_NT 6.2.9200
51 error command "D:\\node-0.10.32\\\\node.exe" "D:\\node-0.10.32\\node_modules\\npm\\bin\\npm-cli.js" "publish"
52 error cwd D:\code\Personal\Git\datz
53 error node -v v0.10.32
54 error npm -v 1.4.28
55 error code EPUBLISHCONFLICT
56 verbose exit [ 1, true ]
